2022-11-05T05:28:45+00:00 CRITICAL Uncaught TypeError: call_user_func_array(): Argument #1 ($callback) must be a valid callback, function "woocommerce_product_description_heading" not found or invalid function name in E:\projekty\portfolio\05eshop\wp-includes\class-wp-hook.php:308
Stack trace:
#0 E:\projekty\portfolio\05eshop\wp-includes\class-wp-hook.php(332): WP_Hook->apply_filters(NULL, Array)
#1 E:\projekty\portfolio\05eshop\wp-includes\plugin.php(517): WP_Hook->do_action(Array)
#2 E:\projekty\portfolio\05eshop\wp-content\themes\cocacola\woocommerce\content-single-product.php(60): do_action('woocommerce_sin...')
#3 E:\projekty\portfolio\05eshop\wp-includes\template.php(785): require('E:\\projekty\\por...')
#4 E:\projekty\portfolio\05eshop\wp-content\plugins\woocommerce\includes\wc-core-functions.php(284): load_template('E:\\projekty\\por...', false)
#5 E:\projekty\portfolio\05eshop\wp-content\plugins\woocommerce\includes\wc-template-functions.php(971): wc_get_template_part('content', 'single-product')
#6 E:\projekty\portfolio\05eshop\wp-content\themes\cocacola\woocommerce.php(29): woocommerce_content()
#7 E:\projekty\portfolio\05eshop\wp-includes\template-loader.php(106): include('E:\\projekty\\por...')
#8 E:\projekty\portfolio\05eshop\wp-blog-header.php(19): require_once('E:\\projekty\\por...')
#9 E:\projekty\portfolio\05eshop\index.php(17): require('E:\\projekty\\por...')
#10 {main}
  thrown in E:\projekty\portfolio\05eshop\wp-includes\class-wp-hook.php on line 308

2022-11-05T05:28:57+00:00 CRITICAL Uncaught TypeError: call_user_func_array(): Argument #1 ($callback) must be a valid callback, function "woocommerce_single_product_summary" not found or invalid function name in E:\projekty\portfolio\05eshop\wp-includes\class-wp-hook.php:308
Stack trace:
#0 E:\projekty\portfolio\05eshop\wp-includes\plugin.php(205): WP_Hook->apply_filters('Description', Array)
#1 E:\projekty\portfolio\05eshop\wp-content\themes\cocacola\woocommerce\single-product\tabs\description.php(22): apply_filters('woocommerce_pro...', 'Description')
#2 E:\projekty\portfolio\05eshop\wp-content\plugins\woocommerce\includes\wc-core-functions.php(345): include('E:\\projekty\\por...')
#3 E:\projekty\portfolio\05eshop\wp-content\plugins\woocommerce\includes\wc-template-functions.php(1832): wc_get_template('single-product/...')
#4 E:\projekty\portfolio\05eshop\wp-content\themes\cocacola\woocommerce\single-product\tabs\tabs.php(47): woocommerce_product_description_tab('description', Array)
#5 E:\projekty\portfolio\05eshop\wp-content\plugins\woocommerce\includes\wc-core-functions.php(345): include('E:\\projekty\\por...')
#6 E:\projekty\portfolio\05eshop\wp-content\plugins\woocommerce\includes\wc-template-functions.php(1612): wc_get_template('single-product/...')
#7 E:\projekty\portfolio\05eshop\wp-includes\class-wp-hook.php(308): woocommerce_output_product_data_tabs('')
#8 E:\projekty\portfolio\05eshop\wp-includes\class-wp-hook.php(332): WP_Hook->apply_filters('', Array)
#9 E:\projekty\portfolio\05eshop\wp-includes\plugin.php(517): WP_Hook->do_action(Array)
#10 E:\projekty\portfolio\05eshop\wp-content\themes\cocacola\woocommerce\content-single-product.php(72): do_action('woocommerce_aft...')
#11 E:\projekty\portfolio\05eshop\wp-includes\template.php(785): require('E:\\projekty\\por...')
#12 E:\projekty\portfolio\05eshop\wp-content\plugins\woocommerce\includes\wc-core-functions.php(284): load_template('E:\\projekty\\por...', false)
#13 E:\projekty\portfolio\05eshop\wp-content\plugins\woocommerce\includes\wc-template-functions.php(971): wc_get_template_part('content', 'single-product')
#14 E:\projekty\portfolio\05eshop\wp-content\themes\cocacola\woocommerce.php(29): woocommerce_content()
#15 E:\projekty\portfolio\05eshop\wp-includes\template-loader.php(106): include('E:\\projekty\\por...')
#16 E:\projekty\portfolio\05eshop\wp-blog-header.php(19): require_once('E:\\projekty\\por...')
#17 E:\projekty\portfolio\05eshop\index.php(17): require('E:\\projekty\\por...')
#18 {main}
  thrown in E:\projekty\portfolio\05eshop\wp-includes\class-wp-hook.php on line 308

2022-11-05T17:56:56+00:00 CRITICAL syntax error, unexpected token "endif", expecting end of file in E:\projekty\portfolio\05eshop\wp-content\themes\cocacola\woocommerce\single-product\related.php on line 32

2022-11-05T17:57:16+00:00 CRITICAL syntax error, unexpected token ">" in E:\projekty\portfolio\05eshop\wp-content\themes\cocacola\woocommerce\single-product\sale-flash.php on line 30

2022-11-05T17:57:36+00:00 CRITICAL syntax error, unexpected token ">" in E:\projekty\portfolio\05eshop\wp-content\themes\cocacola\woocommerce\single-product\up-sells.php on line 54

2022-11-05T22:19:38+00:00 CRITICAL syntax error, unexpected token "<", expecting end of file in E:\projekty\portfolio\05eshop\wp-content\themes\cocacola\woocommerce\cart\cart.php on line 19

