2022-11-03T22:29:17+00:00 CRITICAL Uncaught Error: Object of class WP_Post could not be converted to string in E:\projekty\portfolio\05eshop\wp-content\themes\cocacola\header.php:23
Stack trace:
#0 E:\projekty\portfolio\05eshop\wp-includes\template.php(783): require_once()
#1 E:\projekty\portfolio\05eshop\wp-includes\template.php(718): load_template('E:\\projekty\\por...', true, Array)
#2 E:\projekty\portfolio\05eshop\wp-includes\general-template.php(48): locate_template(Array, true, true, Array)
#3 E:\projekty\portfolio\05eshop\wp-content\themes\cocacola\index.php(1): get_header()
#4 E:\projekty\portfolio\05eshop\wp-includes\template-loader.php(106): include('E:\\projekty\\por...')
#5 E:\projekty\portfolio\05eshop\wp-blog-header.php(19): require_once('E:\\projekty\\por...')
#6 E:\projekty\portfolio\05eshop\index.php(17): require('E:\\projekty\\por...')
#7 {main}
  thrown v E:\projekty\portfolio\05eshop\wp-content\themes\cocacola\header.php na riadku 23

2022-11-03T22:29:18+00:00 CRITICAL Uncaught Error: Object of class WP_Post could not be converted to string in E:\projekty\portfolio\05eshop\wp-content\themes\cocacola\header.php:23
Stack trace:
#0 E:\projekty\portfolio\05eshop\wp-includes\template.php(783): require_once()
#1 E:\projekty\portfolio\05eshop\wp-includes\template.php(718): load_template('E:\\projekty\\por...', true, Array)
#2 E:\projekty\portfolio\05eshop\wp-includes\general-template.php(48): locate_template(Array, true, true, Array)
#3 E:\projekty\portfolio\05eshop\wp-content\themes\cocacola\index.php(1): get_header()
#4 E:\projekty\portfolio\05eshop\wp-includes\template-loader.php(106): include('E:\\projekty\\por...')
#5 E:\projekty\portfolio\05eshop\wp-blog-header.php(19): require_once('E:\\projekty\\por...')
#6 E:\projekty\portfolio\05eshop\index.php(17): require('E:\\projekty\\por...')
#7 {main}
  thrown v E:\projekty\portfolio\05eshop\wp-content\themes\cocacola\header.php na riadku 23

2022-11-03T22:29:49+00:00 CRITICAL Uncaught Error: Object of class WP_Post could not be converted to string in E:\projekty\portfolio\05eshop\wp-content\themes\cocacola\header.php:23
Stack trace:
#0 E:\projekty\portfolio\05eshop\wp-includes\template.php(783): require_once()
#1 E:\projekty\portfolio\05eshop\wp-includes\template.php(718): load_template('E:\\projekty\\por...', true, Array)
#2 E:\projekty\portfolio\05eshop\wp-includes\general-template.php(48): locate_template(Array, true, true, Array)
#3 E:\projekty\portfolio\05eshop\wp-content\themes\cocacola\index.php(1): get_header()
#4 E:\projekty\portfolio\05eshop\wp-includes\template-loader.php(106): include('E:\\projekty\\por...')
#5 E:\projekty\portfolio\05eshop\wp-blog-header.php(19): require_once('E:\\projekty\\por...')
#6 E:\projekty\portfolio\05eshop\index.php(17): require('E:\\projekty\\por...')
#7 {main}
  thrown v E:\projekty\portfolio\05eshop\wp-content\themes\cocacola\header.php na riadku 23

2022-11-03T22:41:31+00:00 CRITICAL Uncaught Error: Object of class WP_Post could not be converted to string in E:\projekty\portfolio\05eshop\wp-content\themes\cocacola\header.php:23
Stack trace:
#0 E:\projekty\portfolio\05eshop\wp-includes\template.php(783): require_once()
#1 E:\projekty\portfolio\05eshop\wp-includes\template.php(718): load_template('E:\\projekty\\por...', true, Array)
#2 E:\projekty\portfolio\05eshop\wp-includes\general-template.php(48): locate_template(Array, true, true, Array)
#3 E:\projekty\portfolio\05eshop\wp-content\themes\cocacola\index.php(1): get_header()
#4 E:\projekty\portfolio\05eshop\wp-includes\template-loader.php(106): include('E:\\projekty\\por...')
#5 E:\projekty\portfolio\05eshop\wp-blog-header.php(19): require_once('E:\\projekty\\por...')
#6 E:\projekty\portfolio\05eshop\index.php(17): require('E:\\projekty\\por...')
#7 {main}
  thrown v E:\projekty\portfolio\05eshop\wp-content\themes\cocacola\header.php na riadku 23

2022-11-03T22:41:36+00:00 CRITICAL Uncaught Error: Object of class WP_Post could not be converted to string in E:\projekty\portfolio\05eshop\wp-content\themes\cocacola\header.php:24
Stack trace:
#0 E:\projekty\portfolio\05eshop\wp-includes\template.php(783): require_once()
#1 E:\projekty\portfolio\05eshop\wp-includes\template.php(718): load_template('E:\\projekty\\por...', true, Array)
#2 E:\projekty\portfolio\05eshop\wp-includes\general-template.php(48): locate_template(Array, true, true, Array)
#3 E:\projekty\portfolio\05eshop\wp-content\themes\cocacola\index.php(1): get_header()
#4 E:\projekty\portfolio\05eshop\wp-includes\template-loader.php(106): include('E:\\projekty\\por...')
#5 E:\projekty\portfolio\05eshop\wp-blog-header.php(19): require_once('E:\\projekty\\por...')
#6 E:\projekty\portfolio\05eshop\index.php(17): require('E:\\projekty\\por...')
#7 {main}
  thrown v E:\projekty\portfolio\05eshop\wp-content\themes\cocacola\header.php na riadku 24

2022-11-03T22:41:40+00:00 CRITICAL Uncaught Error: Object of class WP_Post could not be converted to string in E:\projekty\portfolio\05eshop\wp-content\themes\cocacola\header.php:24
Stack trace:
#0 E:\projekty\portfolio\05eshop\wp-includes\template.php(783): require_once()
#1 E:\projekty\portfolio\05eshop\wp-includes\template.php(718): load_template('E:\\projekty\\por...', true, Array)
#2 E:\projekty\portfolio\05eshop\wp-includes\general-template.php(48): locate_template(Array, true, true, Array)
#3 E:\projekty\portfolio\05eshop\wp-content\themes\cocacola\index.php(1): get_header()
#4 E:\projekty\portfolio\05eshop\wp-includes\template-loader.php(106): include('E:\\projekty\\por...')
#5 E:\projekty\portfolio\05eshop\wp-blog-header.php(19): require_once('E:\\projekty\\por...')
#6 E:\projekty\portfolio\05eshop\index.php(17): require('E:\\projekty\\por...')
#7 {main}
  thrown v E:\projekty\portfolio\05eshop\wp-content\themes\cocacola\header.php na riadku 24

2022-11-03T22:57:04+00:00 CRITICAL syntax error, unexpected token "}" v E:\projekty\portfolio\05eshop\wp-content\themes\cocacola\functions.php na riadku 22

2022-11-03T23:13:44+00:00 CRITICAL Uncaught TypeError: call_user_func_array(): Argument #1 ($callback) must be a valid callback, function "add_additional_class_on_li" not found or invalid function name in E:\projekty\portfolio\05eshop\wp-includes\class-wp-hook.php:310
Stack trace:
#0 E:\projekty\portfolio\05eshop\wp-includes\plugin.php(205): WP_Hook->apply_filters(Array, Array)
#1 E:\projekty\portfolio\05eshop\wp-includes\class-walker-nav-menu.php(158): apply_filters('nav_menu_css_cl...', Array, Object(WP_Post), Object(stdClass), 0)
#2 E:\projekty\portfolio\05eshop\wp-includes\class-wp-walker.php(147): Walker_Nav_Menu->start_el('', Object(WP_Post), 0, Object(stdClass))
#3 E:\projekty\portfolio\05eshop\wp-includes\class-wp-walker.php(247): Walker->display_element(Object(WP_Post), Array, 0, 0, Array, '')
#4 E:\projekty\portfolio\05eshop\wp-includes\nav-menu-template.php(622): Walker->walk(Array, 0, Object(stdClass))
#5 E:\projekty\portfolio\05eshop\wp-includes\nav-menu-template.php(242): walk_nav_menu_tree(Array, 0, Object(stdClass))
#6 E:\projekty\portfolio\05eshop\wp-content\themes\cocacola\header.php(51): wp_nav_menu(Object(stdClass))
#7 E:\projekty\portfolio\05eshop\wp-includes\template.php(783): require_once('E:\\projekty\\por...')
#8 E:\projekty\portfolio\05eshop\wp-includes\template.php(718): load_template('E:\\projekty\\por...', true, Array)
#9 E:\projekty\portfolio\05eshop\wp-includes\general-template.php(48): locate_template(Array, true, true, Array)
#10 E:\projekty\portfolio\05eshop\wp-content\themes\cocacola\index.php(1): get_header()
#11 E:\projekty\portfolio\05eshop\wp-includes\template-loader.php(106): include('E:\\projekty\\por...')
#12 E:\projekty\portfolio\05eshop\wp-blog-header.php(19): require_once('E:\\projekty\\por...')
#13 E:\projekty\portfolio\05eshop\index.php(17): require('E:\\projekty\\por...')
#14 {main}
  thrown v E:\projekty\portfolio\05eshop\wp-includes\class-wp-hook.php na riadku 310

2022-11-03T23:13:46+00:00 CRITICAL Uncaught TypeError: call_user_func_array(): Argument #1 ($callback) must be a valid callback, function "add_additional_class_on_li" not found or invalid function name in E:\projekty\portfolio\05eshop\wp-includes\class-wp-hook.php:310
Stack trace:
#0 E:\projekty\portfolio\05eshop\wp-includes\plugin.php(205): WP_Hook->apply_filters(Array, Array)
#1 E:\projekty\portfolio\05eshop\wp-includes\class-walker-nav-menu.php(158): apply_filters('nav_menu_css_cl...', Array, Object(WP_Post), Object(stdClass), 0)
#2 E:\projekty\portfolio\05eshop\wp-includes\class-wp-walker.php(147): Walker_Nav_Menu->start_el('', Object(WP_Post), 0, Object(stdClass))
#3 E:\projekty\portfolio\05eshop\wp-includes\class-wp-walker.php(247): Walker->display_element(Object(WP_Post), Array, 0, 0, Array, '')
#4 E:\projekty\portfolio\05eshop\wp-includes\nav-menu-template.php(622): Walker->walk(Array, 0, Object(stdClass))
#5 E:\projekty\portfolio\05eshop\wp-includes\nav-menu-template.php(242): walk_nav_menu_tree(Array, 0, Object(stdClass))
#6 E:\projekty\portfolio\05eshop\wp-content\themes\cocacola\header.php(51): wp_nav_menu(Object(stdClass))
#7 E:\projekty\portfolio\05eshop\wp-includes\template.php(783): require_once('E:\\projekty\\por...')
#8 E:\projekty\portfolio\05eshop\wp-includes\template.php(718): load_template('E:\\projekty\\por...', true, Array)
#9 E:\projekty\portfolio\05eshop\wp-includes\general-template.php(48): locate_template(Array, true, true, Array)
#10 E:\projekty\portfolio\05eshop\wp-content\themes\cocacola\index.php(1): get_header()
#11 E:\projekty\portfolio\05eshop\wp-includes\template-loader.php(106): include('E:\\projekty\\por...')
#12 E:\projekty\portfolio\05eshop\wp-blog-header.php(19): require_once('E:\\projekty\\por...')
#13 E:\projekty\portfolio\05eshop\index.php(17): require('E:\\projekty\\por...')
#14 {main}
  thrown v E:\projekty\portfolio\05eshop\wp-includes\class-wp-hook.php na riadku 310

2022-11-03T23:13:49+00:00 CRITICAL Uncaught TypeError: call_user_func_array(): Argument #1 ($callback) must be a valid callback, function "add_additional_class_on_li" not found or invalid function name in E:\projekty\portfolio\05eshop\wp-includes\class-wp-hook.php:310
Stack trace:
#0 E:\projekty\portfolio\05eshop\wp-includes\plugin.php(205): WP_Hook->apply_filters(Array, Array)
#1 E:\projekty\portfolio\05eshop\wp-includes\class-walker-nav-menu.php(158): apply_filters('nav_menu_css_cl...', Array, Object(WP_Post), Object(stdClass), 0)
#2 E:\projekty\portfolio\05eshop\wp-includes\class-wp-walker.php(147): Walker_Nav_Menu->start_el('', Object(WP_Post), 0, Object(stdClass))
#3 E:\projekty\portfolio\05eshop\wp-includes\class-wp-walker.php(247): Walker->display_element(Object(WP_Post), Array, 0, 0, Array, '')
#4 E:\projekty\portfolio\05eshop\wp-includes\nav-menu-template.php(622): Walker->walk(Array, 0, Object(stdClass))
#5 E:\projekty\portfolio\05eshop\wp-includes\nav-menu-template.php(242): walk_nav_menu_tree(Array, 0, Object(stdClass))
#6 E:\projekty\portfolio\05eshop\wp-content\themes\cocacola\header.php(51): wp_nav_menu(Object(stdClass))
#7 E:\projekty\portfolio\05eshop\wp-includes\template.php(783): require_once('E:\\projekty\\por...')
#8 E:\projekty\portfolio\05eshop\wp-includes\template.php(718): load_template('E:\\projekty\\por...', true, Array)
#9 E:\projekty\portfolio\05eshop\wp-includes\general-template.php(48): locate_template(Array, true, true, Array)
#10 E:\projekty\portfolio\05eshop\wp-content\themes\cocacola\index.php(1): get_header()
#11 E:\projekty\portfolio\05eshop\wp-includes\template-loader.php(106): include('E:\\projekty\\por...')
#12 E:\projekty\portfolio\05eshop\wp-blog-header.php(19): require_once('E:\\projekty\\por...')
#13 E:\projekty\portfolio\05eshop\index.php(17): require('E:\\projekty\\por...')
#14 {main}
  thrown v E:\projekty\portfolio\05eshop\wp-includes\class-wp-hook.php na riadku 310

2022-11-03T23:13:57+00:00 CRITICAL Uncaught TypeError: call_user_func_array(): Argument #1 ($callback) must be a valid callback, function "add_additional_class_on_li" not found or invalid function name in E:\projekty\portfolio\05eshop\wp-includes\class-wp-hook.php:310
Stack trace:
#0 E:\projekty\portfolio\05eshop\wp-includes\plugin.php(205): WP_Hook->apply_filters(Array, Array)
#1 E:\projekty\portfolio\05eshop\wp-includes\class-walker-nav-menu.php(158): apply_filters('nav_menu_css_cl...', Array, Object(WP_Post), Object(stdClass), 0)
#2 E:\projekty\portfolio\05eshop\wp-includes\class-wp-walker.php(147): Walker_Nav_Menu->start_el('', Object(WP_Post), 0, Object(stdClass))
#3 E:\projekty\portfolio\05eshop\wp-includes\class-wp-walker.php(247): Walker->display_element(Object(WP_Post), Array, 0, 0, Array, '')
#4 E:\projekty\portfolio\05eshop\wp-includes\nav-menu-template.php(622): Walker->walk(Array, 0, Object(stdClass))
#5 E:\projekty\portfolio\05eshop\wp-includes\nav-menu-template.php(242): walk_nav_menu_tree(Array, 0, Object(stdClass))
#6 E:\projekty\portfolio\05eshop\wp-content\themes\cocacola\header.php(51): wp_nav_menu(Object(stdClass))
#7 E:\projekty\portfolio\05eshop\wp-includes\template.php(783): require_once('E:\\projekty\\por...')
#8 E:\projekty\portfolio\05eshop\wp-includes\template.php(718): load_template('E:\\projekty\\por...', true, Array)
#9 E:\projekty\portfolio\05eshop\wp-includes\general-template.php(48): locate_template(Array, true, true, Array)
#10 E:\projekty\portfolio\05eshop\wp-content\themes\cocacola\index.php(1): get_header()
#11 E:\projekty\portfolio\05eshop\wp-includes\template-loader.php(106): include('E:\\projekty\\por...')
#12 E:\projekty\portfolio\05eshop\wp-blog-header.php(19): require_once('E:\\projekty\\por...')
#13 E:\projekty\portfolio\05eshop\index.php(17): require('E:\\projekty\\por...')
#14 {main}
  thrown v E:\projekty\portfolio\05eshop\wp-includes\class-wp-hook.php na riadku 310

2022-11-03T23:14:09+00:00 CRITICAL Uncaught TypeError: call_user_func_array(): Argument #1 ($callback) must be a valid callback, function "add_additional_class_on_li" not found or invalid function name in E:\projekty\portfolio\05eshop\wp-includes\class-wp-hook.php:310
Stack trace:
#0 E:\projekty\portfolio\05eshop\wp-includes\plugin.php(205): WP_Hook->apply_filters(Array, Array)
#1 E:\projekty\portfolio\05eshop\wp-includes\class-walker-nav-menu.php(158): apply_filters('nav_menu_css_cl...', Array, Object(WP_Post), Object(stdClass), 0)
#2 E:\projekty\portfolio\05eshop\wp-includes\class-wp-walker.php(147): Walker_Nav_Menu->start_el('', Object(WP_Post), 0, Object(stdClass))
#3 E:\projekty\portfolio\05eshop\wp-includes\class-wp-walker.php(247): Walker->display_element(Object(WP_Post), Array, 0, 0, Array, '')
#4 E:\projekty\portfolio\05eshop\wp-includes\nav-menu-template.php(622): Walker->walk(Array, 0, Object(stdClass))
#5 E:\projekty\portfolio\05eshop\wp-includes\nav-menu-template.php(242): walk_nav_menu_tree(Array, 0, Object(stdClass))
#6 E:\projekty\portfolio\05eshop\wp-content\themes\cocacola\header.php(51): wp_nav_menu(Object(stdClass))
#7 E:\projekty\portfolio\05eshop\wp-includes\template.php(783): require_once('E:\\projekty\\por...')
#8 E:\projekty\portfolio\05eshop\wp-includes\template.php(718): load_template('E:\\projekty\\por...', true, Array)
#9 E:\projekty\portfolio\05eshop\wp-includes\general-template.php(48): locate_template(Array, true, true, Array)
#10 E:\projekty\portfolio\05eshop\wp-content\themes\cocacola\index.php(1): get_header()
#11 E:\projekty\portfolio\05eshop\wp-includes\template-loader.php(106): include('E:\\projekty\\por...')
#12 E:\projekty\portfolio\05eshop\wp-blog-header.php(19): require_once('E:\\projekty\\por...')
#13 E:\projekty\portfolio\05eshop\index.php(17): require('E:\\projekty\\por...')
#14 {main}
  thrown v E:\projekty\portfolio\05eshop\wp-includes\class-wp-hook.php na riadku 310

2022-11-03T23:14:13+00:00 CRITICAL Uncaught TypeError: call_user_func_array(): Argument #1 ($callback) must be a valid callback, function "add_additional_class_on_li" not found or invalid function name in E:\projekty\portfolio\05eshop\wp-includes\class-wp-hook.php:310
Stack trace:
#0 E:\projekty\portfolio\05eshop\wp-includes\plugin.php(205): WP_Hook->apply_filters(Array, Array)
#1 E:\projekty\portfolio\05eshop\wp-includes\class-walker-nav-menu.php(158): apply_filters('nav_menu_css_cl...', Array, Object(WP_Post), Object(stdClass), 0)
#2 E:\projekty\portfolio\05eshop\wp-includes\class-wp-walker.php(147): Walker_Nav_Menu->start_el('', Object(WP_Post), 0, Object(stdClass))
#3 E:\projekty\portfolio\05eshop\wp-includes\class-wp-walker.php(247): Walker->display_element(Object(WP_Post), Array, 0, 0, Array, '')
#4 E:\projekty\portfolio\05eshop\wp-includes\nav-menu-template.php(622): Walker->walk(Array, 0, Object(stdClass))
#5 E:\projekty\portfolio\05eshop\wp-includes\nav-menu-template.php(242): walk_nav_menu_tree(Array, 0, Object(stdClass))
#6 E:\projekty\portfolio\05eshop\wp-content\themes\cocacola\header.php(51): wp_nav_menu(Object(stdClass))
#7 E:\projekty\portfolio\05eshop\wp-includes\template.php(783): require_once('E:\\projekty\\por...')
#8 E:\projekty\portfolio\05eshop\wp-includes\template.php(718): load_template('E:\\projekty\\por...', true, Array)
#9 E:\projekty\portfolio\05eshop\wp-includes\general-template.php(48): locate_template(Array, true, true, Array)
#10 E:\projekty\portfolio\05eshop\wp-content\themes\cocacola\index.php(1): get_header()
#11 E:\projekty\portfolio\05eshop\wp-includes\template-loader.php(106): include('E:\\projekty\\por...')
#12 E:\projekty\portfolio\05eshop\wp-blog-header.php(19): require_once('E:\\projekty\\por...')
#13 E:\projekty\portfolio\05eshop\index.php(17): require('E:\\projekty\\por...')
#14 {main}
  thrown v E:\projekty\portfolio\05eshop\wp-includes\class-wp-hook.php na riadku 310

